1  1  1  1 7.18000000e+00
1  1  1  2 -1.38777878e-16
1  1  1  3 -9.52237132e-01
1  1  2  1 8.32667268e-17
1  1  2  2 1.30666667e+00
1  1  2  3 0.00000000e+00
1  1  3  1 -9.52237132e-01
1  1  3  2 5.55111512e-17
1  1  3  3 6.33333333e-01
1  2  1  1 1.38777878e-16
1  2  1  2 2.93666667e+00
1  2  1  3 0.00000000e+00
1  2  2  1 2.93666667e+00
1  2  2  2 0.00000000e+00
1  2  2  3 9.52237132e-01
1  2  3  1 0.00000000e+00
1  2  3  2 9.52237132e-01
1  2  3  3 0.00000000e+00
1  3  1  1 -9.52237132e-01
1  3  1  2 0.00000000e+00
1  3  1  3 2.26333333e+00
1  3  2  1 0.00000000e+00
1  3  2  2 9.52237132e-01
1  3  2  3 -5.55111512e-17
1  3  3  1 2.26333333e+00
1  3  3  2 -5.55111512e-17
1  3  3  3 3.33066907e-16
2  1  1  1 -8.32667268e-17
2  1  1  2 2.93666667e+00
2  1  1  3 -1.11022302e-16
2  1  2  1 2.93666667e+00
2  1  2  2 0.00000000e+00
2  1  2  3 9.52237132e-01
2  1  3  1 0.00000000e+00
2  1  3  2 9.52237132e-01
2  1  3  3 0.00000000e+00
2  2  1  1 1.30666667e+00
2  2  1  2 0.00000000e+00
2  2  1  3 9.52237132e-01
2  2  2  1 0.00000000e+00
2  2  2  2 7.18000000e+00
2  2  2  3 0.00000000e+00
2  2  3  1 9.52237132e-01
2  2  3  2 0.00000000e+00
2  2  3  3 6.33333333e-01
2  3  1  1 -1.11022302e-16
2  3  1  2 9.52237132e-01
2  3  1  3 -5.55111512e-17
2  3  2  1 9.52237132e-01
2  3  2  2 0.00000000e+00
2  3  2  3 2.26333333e+00
2  3  3  1 -5.55111512e-17
2  3  3  2 2.26333333e+00
2  3  3  3 -2.22044605e-16
3  1  1  1 -9.52237132e-01
3  1  1  2 0.00000000e+00
3  1  1  3 2.26333333e+00
3  1  2  1 0.00000000e+00
3  1  2  2 9.52237132e-01
3  1  2  3 0.00000000e+00
3  1  3  1 2.26333333e+00
3  1  3  2 -5.55111512e-17
3  1  3  3 -1.11022302e-16
3  2  1  1 -1.11022302e-16
3  2  1  2 9.52237132e-01
3  2  1  3 -5.55111512e-17
3  2  2  1 9.52237132e-01
3  2  2  2 0.00000000e+00
3  2  2  3 2.26333333e+00
3  2  3  1 0.00000000e+00
3  2  3  2 2.26333333e+00
3  2  3  3 0.00000000e+00
3  3  1  1 6.33333333e-01
3  3  1  2 -5.55111512e-17
3  3  1  3 1.66533454e-16
3  3  2  1 -5.55111512e-17
3  3  2  2 6.33333333e-01
3  3  2  3 2.22044605e-16
3  3  3  1 -5.55111512e-17
3  3  3  2 2.22044605e-16
3  3  3  3 7.85333333e+00
