1 1 1 1 1.404528883004591e+00
1 1 1 2 0.000000000000000e+00
1 1 1 3 0.000000000000000e+00
1 1 2 1 0.000000000000000e+00
1 1 2 2 8.852817650516355e-01
1 1 2 3 0.000000000000000e+00
1 1 3 1 0.000000000000000e+00
1 1 3 2 0.000000000000000e+00
1 1 3 3 8.852817650516355e-01
1 2 1 1 0.000000000000000e+00
1 2 1 2 8.016320899862384e-01
1 2 1 3 0.000000000000000e+00
1 2 2 1 8.016320899862384e-01
1 2 2 2 0.000000000000000e+00
1 2 2 3 0.000000000000000e+00
1 2 3 1 0.000000000000000e+00
1 2 3 2 0.000000000000000e+00
1 2 3 3 0.000000000000000e+00
1 3 1 1 0.000000000000000e+00
1 3 1 2 0.000000000000000e+00
1 3 1 3 8.016320899862384e-01
1 3 2 1 0.000000000000000e+00
1 3 2 2 0.000000000000000e+00
1 3 2 3 0.000000000000000e+00
1 3 3 1 8.016320899862384e-01
1 3 3 2 0.000000000000000e+00
1 3 3 3 0.000000000000000e+00
2 1 1 1 0.000000000000000e+00
2 1 1 2 8.016320899862384e-01
2 1 1 3 0.000000000000000e+00
2 1 2 1 8.016320899862384e-01
2 1 2 2 0.000000000000000e+00
2 1 2 3 0.000000000000000e+00
2 1 3 1 0.000000000000000e+00
2 1 3 2 0.000000000000000e+00
2 1 3 3 0.000000000000000e+00
2 2 1 1 8.852817650516355e-01
2 2 1 2 0.000000000000000e+00
2 2 1 3 0.000000000000000e+00
2 2 2 1 0.000000000000000e+00
2 2 2 2 1.404528883004591e+00
2 2 2 3 0.000000000000000e+00
2 2 3 1 0.000000000000000e+00
2 2 3 2 0.000000000000000e+00
2 2 3 3 8.852817650516355e-01
2 3 1 1 0.000000000000000e+00
2 3 1 2 0.000000000000000e+00
2 3 1 3 0.000000000000000e+00
2 3 2 1 0.000000000000000e+00
2 3 2 2 0.000000000000000e+00
2 3 2 3 8.016320899862384e-01
2 3 3 1 0.000000000000000e+00
2 3 3 2 8.016320899862384e-01
2 3 3 3 0.000000000000000e+00
3 1 1 1 0.000000000000000e+00
3 1 1 2 0.000000000000000e+00
3 1 1 3 8.016320899862384e-01
3 1 2 1 0.000000000000000e+00
3 1 2 2 0.000000000000000e+00
3 1 2 3 0.000000000000000e+00
3 1 3 1 8.016320899862384e-01
3 1 3 2 0.000000000000000e+00
3 1 3 3 0.000000000000000e+00
3 2 1 1 0.000000000000000e+00
3 2 1 2 0.000000000000000e+00
3 2 1 3 0.000000000000000e+00
3 2 2 1 0.000000000000000e+00
3 2 2 2 0.000000000000000e+00
3 2 2 3 8.016320899862384e-01
3 2 3 1 0.000000000000000e+00
3 2 3 2 8.016320899862384e-01
3 2 3 3 0.000000000000000e+00
3 3 1 1 8.852817650516355e-01
3 3 1 2 0.000000000000000e+00
3 3 1 3 0.000000000000000e+00
3 3 2 1 0.000000000000000e+00
3 3 2 2 8.852817650516355e-01
3 3 2 3 0.000000000000000e+00
3 3 3 1 0.000000000000000e+00
3 3 3 2 0.000000000000000e+00
3 3 3 3 1.404528883004591e+00
