1 1 1 1 1 1 1.287444767888751e+00
1 1 1 1 1 2 0.000000000000000e+00
1 1 1 1 1 3 0.000000000000000e+00
1 1 1 1 2 1 0.000000000000000e+00
1 1 1 1 2 2 4.865053966787332e-01
1 1 1 1 2 3 0.000000000000000e+00
1 1 1 1 3 1 0.000000000000000e+00
1 1 1 1 3 2 0.000000000000000e+00
1 1 1 1 3 3 4.865053966787332e-01
1 1 1 2 1 1 0.000000000000000e+00
1 1 1 2 1 2 4.865053966787332e-01
1 1 1 2 1 3 0.000000000000000e+00
1 1 1 2 2 1 4.926064434998222e-01
1 1 1 2 2 2 0.000000000000000e+00
1 1 1 2 2 3 0.000000000000000e+00
1 1 1 2 3 1 0.000000000000000e+00
1 1 1 2 3 2 0.000000000000000e+00
1 1 1 2 3 3 0.000000000000000e+00
1 1 1 3 1 1 0.000000000000000e+00
1 1 1 3 1 2 0.000000000000000e+00
1 1 1 3 1 3 4.865053966787332e-01
1 1 1 3 2 1 0.000000000000000e+00
1 1 1 3 2 2 0.000000000000000e+00
1 1 1 3 2 3 0.000000000000000e+00
1 1 1 3 3 1 4.926064434998222e-01
1 1 1 3 3 2 0.000000000000000e+00
1 1 1 3 3 3 0.000000000000000e+00
1 1 2 1 1 1 0.000000000000000e+00
1 1 2 1 1 2 7.197518657924037e-01
1 1 2 1 1 3 0.000000000000000e+00
1 1 2 1 2 1 4.664510979789260e-01
1 1 2 1 2 2 0.000000000000000e+00
1 1 2 1 2 3 0.000000000000000e+00
1 1 2 1 3 1 0.000000000000000e+00
1 1 2 1 3 2 0.000000000000000e+00
1 1 2 1 3 3 0.000000000000000e+00
1 1 2 2 1 1 4.664510979789260e-01
1 1 2 2 1 2 0.000000000000000e+00
1 1 2 2 1 3 0.000000000000000e+00
1 1 2 2 2 1 0.000000000000000e+00
1 1 2 2 2 2 4.926064434998222e-01
1 1 2 2 2 3 0.000000000000000e+00
1 1 2 2 3 1 0.000000000000000e+00
1 1 2 2 3 2 0.000000000000000e+00
1 1 2 2 3 3 5.353732643799275e-01
1 1 2 3 1 1 0.000000000000000e+00
1 1 2 3 1 2 0.000000000000000e+00
1 1 2 3 1 3 0.000000000000000e+00
1 1 2 3 2 1 0.000000000000000e+00
1 1 2 3 2 2 0.000000000000000e+00
1 1 2 3 2 3 5.353732643799275e-01
1 1 2 3 3 1 0.000000000000000e+00
1 1 2 3 3 2 1.707215713558458e-01
1 1 2 3 3 3 0.000000000000000e+00
1 1 3 1 1 1 0.000000000000000e+00
1 1 3 1 1 2 0.000000000000000e+00
1 1 3 1 1 3 7.197518657924037e-01
1 1 3 1 2 1 0.000000000000000e+00
1 1 3 1 2 2 0.000000000000000e+00
1 1 3 1 2 3 0.000000000000000e+00
1 1 3 1 3 1 4.664510979789260e-01
1 1 3 1 3 2 0.000000000000000e+00
1 1 3 1 3 3 0.000000000000000e+00
1 1 3 2 1 1 0.000000000000000e+00
1 1 3 2 1 2 0.000000000000000e+00
1 1 3 2 1 3 0.000000000000000e+00
1 1 3 2 2 1 0.000000000000000e+00
1 1 3 2 2 2 0.000000000000000e+00
1 1 3 2 2 3 1.707215713558458e-01
1 1 3 2 3 1 0.000000000000000e+00
1 1 3 2 3 2 5.353732643799275e-01
1 1 3 2 3 3 0.000000000000000e+00
1 1 3 3 1 1 4.664510979789260e-01
1 1 3 3 1 2 0.000000000000000e+00
1 1 3 3 1 3 0.000000000000000e+00
1 1 3 3 2 1 0.000000000000000e+00
1 1 3 3 2 2 5.353732643799275e-01
1 1 3 3 2 3 0.000000000000000e+00
1 1 3 3 3 1 0.000000000000000e+00
1 1 3 3 3 2 0.000000000000000e+00
1 1 3 3 3 3 4.926064434998222e-01
1 2 1 1 1 1 0.000000000000000e+00
1 2 1 1 1 2 4.664510979789260e-01
1 2 1 1 1 3 0.000000000000000e+00
1 2 1 1 2 1 4.056540635287564e-01
1 2 1 1 2 2 0.000000000000000e+00
1 2 1 1 2 3 0.000000000000000e+00
1 2 1 1 3 1 0.000000000000000e+00
1 2 1 1 3 2 0.000000000000000e+00
1 2 1 1 3 3 0.000000000000000e+00
1 2 1 2 1 1 4.056540635287564e-01
1 2 1 2 1 2 0.000000000000000e+00
1 2 1 2 1 3 0.000000000000000e+00
1 2 1 2 2 1 0.000000000000000e+00
1 2 1 2 2 2 4.865053966787332e-01
1 2 1 2 2 3 0.000000000000000e+00
1 2 1 2 3 1 0.000000000000000e+00
1 2 1 2 3 2 0.000000000000000e+00
1 2 1 2 3 3 4.001403246872646e-01
1 2 1 3 1 1 0.000000000000000e+00
1 2 1 3 1 2 0.000000000000000e+00
1 2 1 3 1 3 0.000000000000000e+00
1 2 1 3 2 1 0.000000000000000e+00
1 2 1 3 2 2 0.000000000000000e+00
1 2 1 3 2 3 4.001403246872646e-01
1 2 1 3 3 1 0.000000000000000e+00
1 2 1 3 3 2 5.353732643799275e-01
1 2 1 3 3 3 0.000000000000000e+00
1 2 2 1 1 1 4.865053966787332e-01
1 2 2 1 1 2 0.000000000000000e+00
1 2 2 1 1 3 0.000000000000000e+00
1 2 2 1 2 1 0.000000000000000e+00
1 2 2 1 2 2 4.056540635287564e-01
1 2 2 1 2 3 0.000000000000000e+00
1 2 2 1 3 1 0.000000000000000e+00
1 2 2 1 3 2 0.000000000000000e+00
1 2 2 1 3 3 4.001403246872646e-01
1 2 2 2 1 1 0.000000000000000e+00
1 2 2 2 1 2 4.056540635287564e-01
1 2 2 2 1 3 0.000000000000000e+00
1 2 2 2 2 1 4.664510979789260e-01
1 2 2 2 2 2 0.000000000000000e+00
1 2 2 2 2 3 0.000000000000000e+00
1 2 2 2 3 1 0.000000000000000e+00
1 2 2 2 3 2 0.000000000000000e+00
1 2 2 2 3 3 0.000000000000000e+00
1 2 2 3 1 1 0.000000000000000e+00
1 2 2 3 1 2 0.000000000000000e+00
1 2 2 3 1 3 4.001403246872646e-01
1 2 2 3 2 1 0.000000000000000e+00
1 2 2 3 2 2 0.000000000000000e+00
1 2 2 3 2 3 0.000000000000000e+00
1 2 2 3 3 1 5.353732643799275e-01
1 2 2 3 3 2 0.000000000000000e+00
1 2 2 3 3 3 0.000000000000000e+00
1 2 3 1 1 1 0.000000000000000e+00
1 2 3 1 1 2 0.000000000000000e+00
1 2 3 1 1 3 0.000000000000000e+00
1 2 3 1 2 1 0.000000000000000e+00
1 2 3 1 2 2 0.000000000000000e+00
1 2 3 1 2 3 1.038655527126781e-01
1 2 3 1 3 1 0.000000000000000e+00
1 2 3 1 3 2 6.469082975589212e-01
1 2 3 1 3 3 0.000000000000000e+00
1 2 3 2 1 1 0.000000000000000e+00
1 2 3 2 1 2 0.000000000000000e+00
1 2 3 2 1 3 1.038655527126781e-01
1 2 3 2 2 1 0.000000000000000e+00
1 2 3 2 2 2 0.000000000000000e+00
1 2 3 2 2 3 0.000000000000000e+00
1 2 3 2 3 1 6.469082975589212e-01
1 2 3 2 3 2 0.000000000000000e+00
1 2 3 2 3 3 0.000000000000000e+00
1 2 3 3 1 1 0.000000000000000e+00
1 2 3 3 1 2 6.469082975589212e-01
1 2 3 3 1 3 0.000000000000000e+00
1 2 3 3 2 1 6.469082975589212e-01
1 2 3 3 2 2 0.000000000000000e+00
1 2 3 3 2 3 0.000000000000000e+00
1 2 3 3 3 1 0.000000000000000e+00
1 2 3 3 3 2 0.000000000000000e+00
1 2 3 3 3 3 0.000000000000000e+00
1 3 1 1 1 1 0.000000000000000e+00
1 3 1 1 1 2 0.000000000000000e+00
1 3 1 1 1 3 4.664510979789260e-01
1 3 1 1 2 1 0.000000000000000e+00
1 3 1 1 2 2 0.000000000000000e+00
1 3 1 1 2 3 0.000000000000000e+00
1 3 1 1 3 1 4.056540635287564e-01
1 3 1 1 3 2 0.000000000000000e+00
1 3 1 1 3 3 0.000000000000000e+00
1 3 1 2 1 1 0.000000000000000e+00
1 3 1 2 1 2 0.000000000000000e+00
1 3 1 2 1 3 0.000000000000000e+00
1 3 1 2 2 1 0.000000000000000e+00
1 3 1 2 2 2 0.000000000000000e+00
1 3 1 2 2 3 5.353732643799275e-01
1 3 1 2 3 1 0.000000000000000e+00
1 3 1 2 3 2 4.001403246872646e-01
1 3 1 2 3 3 0.000000000000000e+00
1 3 1 3 1 1 4.056540635287564e-01
1 3 1 3 1 2 0.000000000000000e+00
1 3 1 3 1 3 0.000000000000000e+00
1 3 1 3 2 1 0.000000000000000e+00
1 3 1 3 2 2 4.001403246872646e-01
1 3 1 3 2 3 0.000000000000000e+00
1 3 1 3 3 1 0.000000000000000e+00
1 3 1 3 3 2 0.000000000000000e+00
1 3 1 3 3 3 4.865053966787332e-01
1 3 2 1 1 1 0.000000000000000e+00
1 3 2 1 1 2 0.000000000000000e+00
1 3 2 1 1 3 0.000000000000000e+00
1 3 2 1 2 1 0.000000000000000e+00
1 3 2 1 2 2 0.000000000000000e+00
1 3 2 1 2 3 6.469082975589212e-01
1 3 2 1 3 1 0.000000000000000e+00
1 3 2 1 3 2 1.038655527126781e-01
1 3 2 1 3 3 0.000000000000000e+00
1 3 2 2 1 1 0.000000000000000e+00
1 3 2 2 1 2 0.000000000000000e+00
1 3 2 2 1 3 6.469082975589212e-01
1 3 2 2 2 1 0.000000000000000e+00
1 3 2 2 2 2 0.000000000000000e+00
1 3 2 2 2 3 0.000000000000000e+00
1 3 2 2 3 1 6.469082975589212e-01
1 3 2 2 3 2 0.000000000000000e+00
1 3 2 2 3 3 0.000000000000000e+00
1 3 2 3 1 1 0.000000000000000e+00
1 3 2 3 1 2 1.038655527126781e-01
1 3 2 3 1 3 0.000000000000000e+00
1 3 2 3 2 1 6.469082975589212e-01
1 3 2 3 2 2 0.000000000000000e+00
1 3 2 3 2 3 0.000000000000000e+00
1 3 2 3 3 1 0.000000000000000e+00
1 3 2 3 3 2 0.000000000000000e+00
1 3 2 3 3 3 0.000000000000000e+00
1 3 3 1 1 1 4.865053966787332e-01
1 3 3 1 1 2 0.000000000000000e+00
1 3 3 1 1 3 0.000000000000000e+00
1 3 3 1 2 1 0.000000000000000e+00
1 3 3 1 2 2 4.001403246872646e-01
1 3 3 1 2 3 0.000000000000000e+00
1 3 3 1 3 1 0.000000000000000e+00
1 3 3 1 3 2 0.000000000000000e+00
1 3 3 1 3 3 4.056540635287564e-01
1 3 3 2 1 1 0.000000000000000e+00
1 3 3 2 1 2 4.001403246872646e-01
1 3 3 2 1 3 0.000000000000000e+00
1 3 3 2 2 1 5.353732643799275e-01
1 3 3 2 2 2 0.000000000000000e+00
1 3 3 2 2 3 0.000000000000000e+00
1 3 3 2 3 1 0.000000000000000e+00
1 3 3 2 3 2 0.000000000000000e+00
1 3 3 2 3 3 0.000000000000000e+00
1 3 3 3 1 1 0.000000000000000e+00
1 3 3 3 1 2 0.000000000000000e+00
1 3 3 3 1 3 4.056540635287564e-01
1 3 3 3 2 1 0.000000000000000e+00
1 3 3 3 2 2 0.000000000000000e+00
1 3 3 3 2 3 0.000000000000000e+00
1 3 3 3 3 1 4.664510979789260e-01
1 3 3 3 3 2 0.000000000000000e+00
1 3 3 3 3 3 0.000000000000000e+00
2 1 1 1 1 1 0.000000000000000e+00
2 1 1 1 1 2 4.664510979789260e-01
2 1 1 1 1 3 0.000000000000000e+00
2 1 1 1 2 1 4.056540635287564e-01
2 1 1 1 2 2 0.000000000000000e+00
2 1 1 1 2 3 0.000000000000000e+00
2 1 1 1 3 1 0.000000000000000e+00
2 1 1 1 3 2 0.000000000000000e+00
2 1 1 1 3 3 0.000000000000000e+00
2 1 1 2 1 1 4.056540635287564e-01
2 1 1 2 1 2 0.000000000000000e+00
2 1 1 2 1 3 0.000000000000000e+00
2 1 1 2 2 1 0.000000000000000e+00
2 1 1 2 2 2 4.865053966787332e-01
2 1 1 2 2 3 0.000000000000000e+00
2 1 1 2 3 1 0.000000000000000e+00
2 1 1 2 3 2 0.000000000000000e+00
2 1 1 2 3 3 4.001403246872646e-01
2 1 1 3 1 1 0.000000000000000e+00
2 1 1 3 1 2 0.000000000000000e+00
2 1 1 3 1 3 0.000000000000000e+00
2 1 1 3 2 1 0.000000000000000e+00
2 1 1 3 2 2 0.000000000000000e+00
2 1 1 3 2 3 4.001403246872646e-01
2 1 1 3 3 1 0.000000000000000e+00
2 1 1 3 3 2 5.353732643799275e-01
2 1 1 3 3 3 0.000000000000000e+00
2 1 2 1 1 1 4.865053966787332e-01
2 1 2 1 1 2 0.000000000000000e+00
2 1 2 1 1 3 0.000000000000000e+00
2 1 2 1 2 1 0.000000000000000e+00
2 1 2 1 2 2 4.056540635287564e-01
2 1 2 1 2 3 0.000000000000000e+00
2 1 2 1 3 1 0.000000000000000e+00
2 1 2 1 3 2 0.000000000000000e+00
2 1 2 1 3 3 4.001403246872646e-01
2 1 2 2 1 1 0.000000000000000e+00
2 1 2 2 1 2 4.056540635287564e-01
2 1 2 2 1 3 0.000000000000000e+00
2 1 2 2 2 1 4.664510979789260e-01
2 1 2 2 2 2 0.000000000000000e+00
2 1 2 2 2 3 0.000000000000000e+00
2 1 2 2 3 1 0.000000000000000e+00
2 1 2 2 3 2 0.000000000000000e+00
2 1 2 2 3 3 0.000000000000000e+00
2 1 2 3 1 1 0.000000000000000e+00
2 1 2 3 1 2 0.000000000000000e+00
2 1 2 3 1 3 4.001403246872646e-01
2 1 2 3 2 1 0.000000000000000e+00
2 1 2 3 2 2 0.000000000000000e+00
2 1 2 3 2 3 0.000000000000000e+00
2 1 2 3 3 1 5.353732643799275e-01
2 1 2 3 3 2 0.000000000000000e+00
2 1 2 3 3 3 0.000000000000000e+00
2 1 3 1 1 1 0.000000000000000e+00
2 1 3 1 1 2 0.000000000000000e+00
2 1 3 1 1 3 0.000000000000000e+00
2 1 3 1 2 1 0.000000000000000e+00
2 1 3 1 2 2 0.000000000000000e+00
2 1 3 1 2 3 1.038655527126781e-01
2 1 3 1 3 1 0.000000000000000e+00
2 1 3 1 3 2 6.469082975589212e-01
2 1 3 1 3 3 0.000000000000000e+00
2 1 3 2 1 1 0.000000000000000e+00
2 1 3 2 1 2 0.000000000000000e+00
2 1 3 2 1 3 1.038655527126781e-01
2 1 3 2 2 1 0.000000000000000e+00
2 1 3 2 2 2 0.000000000000000e+00
2 1 3 2 2 3 0.000000000000000e+00
2 1 3 2 3 1 6.469082975589212e-01
2 1 3 2 3 2 0.000000000000000e+00
2 1 3 2 3 3 0.000000000000000e+00
2 1 3 3 1 1 0.000000000000000e+00
2 1 3 3 1 2 6.469082975589212e-01
2 1 3 3 1 3 0.000000000000000e+00
2 1 3 3 2 1 6.469082975589212e-01
2 1 3 3 2 2 0.000000000000000e+00
2 1 3 3 2 3 0.000000000000000e+00
2 1 3 3 3 1 0.000000000000000e+00
2 1 3 3 3 2 0.000000000000000e+00
2 1 3 3 3 3 0.000000000000000e+00
2 2 1 1 1 1 4.926064434998222e-01
2 2 1 1 1 2 0.000000000000000e+00
2 2 1 1 1 3 0.000000000000000e+00
2 2 1 1 2 1 0.000000000000000e+00
2 2 1 1 2 2 4.664510979789260e-01
2 2 1 1 2 3 0.000000000000000e+00
2 2 1 1 3 1 0.000000000000000e+00
2 2 1 1 3 2 0.000000000000000e+00
2 2 1 1 3 3 5.353732643799275e-01
2 2 1 2 1 1 0.000000000000000e+00
2 2 1 2 1 2 4.664510979789260e-01
2 2 1 2 1 3 0.000000000000000e+00
2 2 1 2 2 1 7.197518657924037e-01
2 2 1 2 2 2 0.000000000000000e+00
2 2 1 2 2 3 0.000000000000000e+00
2 2 1 2 3 1 0.000000000000000e+00
2 2 1 2 3 2 0.000000000000000e+00
2 2 1 2 3 3 0.000000000000000e+00
2 2 1 3 1 1 0.000000000000000e+00
2 2 1 3 1 2 0.000000000000000e+00
2 2 1 3 1 3 5.353732643799275e-01
2 2 1 3 2 1 0.000000000000000e+00
2 2 1 3 2 2 0.000000000000000e+00
2 2 1 3 2 3 0.000000000000000e+00
2 2 1 3 3 1 1.707215713558458e-01
2 2 1 3 3 2 0.000000000000000e+00
2 2 1 3 3 3 0.000000000000000e+00
2 2 2 1 1 1 0.000000000000000e+00
2 2 2 1 1 2 4.926064434998222e-01
2 2 2 1 1 3 0.000000000000000e+00
2 2 2 1 2 1 4.865053966787332e-01
2 2 2 1 2 2 0.000000000000000e+00
2 2 2 1 2 3 0.000000000000000e+00
2 2 2 1 3 1 0.000000000000000e+00
2 2 2 1 3 2 0.000000000000000e+00
2 2 2 1 3 3 0.000000000000000e+00
2 2 2 2 1 1 4.865053966787332e-01
2 2 2 2 1 2 0.000000000000000e+00
2 2 2 2 1 3 0.000000000000000e+00
2 2 2 2 2 1 0.000000000000000e+00
2 2 2 2 2 2 1.287444767888751e+00
2 2 2 2 2 3 0.000000000000000e+00
2 2 2 2 3 1 0.000000000000000e+00
2 2 2 2 3 2 0.000000000000000e+00
2 2 2 2 3 3 4.865053966787332e-01
2 2 2 3 1 1 0.000000000000000e+00
2 2 2 3 1 2 0.000000000000000e+00
2 2 2 3 1 3 0.000000000000000e+00
2 2 2 3 2 1 0.000000000000000e+00
2 2 2 3 2 2 0.000000000000000e+00
2 2 2 3 2 3 4.865053966787332e-01
2 2 2 3 3 1 0.000000000000000e+00
2 2 2 3 3 2 4.926064434998222e-01
2 2 2 3 3 3 0.000000000000000e+00
2 2 3 1 1 1 0.000000000000000e+00
2 2 3 1 1 2 0.000000000000000e+00
2 2 3 1 1 3 1.707215713558458e-01
2 2 3 1 2 1 0.000000000000000e+00
2 2 3 1 2 2 0.000000000000000e+00
2 2 3 1 2 3 0.000000000000000e+00
2 2 3 1 3 1 5.353732643799275e-01
2 2 3 1 3 2 0.000000000000000e+00
2 2 3 1 3 3 0.000000000000000e+00
2 2 3 2 1 1 0.000000000000000e+00
2 2 3 2 1 2 0.000000000000000e+00
2 2 3 2 1 3 0.000000000000000e+00
2 2 3 2 2 1 0.000000000000000e+00
2 2 3 2 2 2 0.000000000000000e+00
2 2 3 2 2 3 7.197518657924037e-01
2 2 3 2 3 1 0.000000000000000e+00
2 2 3 2 3 2 4.664510979789260e-01
2 2 3 2 3 3 0.000000000000000e+00
2 2 3 3 1 1 5.353732643799275e-01
2 2 3 3 1 2 0.000000000000000e+00
2 2 3 3 1 3 0.000000000000000e+00
2 2 3 3 2 1 0.000000000000000e+00
2 2 3 3 2 2 4.664510979789260e-01
2 2 3 3 2 3 0.000000000000000e+00
2 2 3 3 3 1 0.000000000000000e+00
2 2 3 3 3 2 0.000000000000000e+00
2 2 3 3 3 3 4.926064434998222e-01
2 3 1 1 1 1 0.000000000000000e+00
2 3 1 1 1 2 0.000000000000000e+00
2 3 1 1 1 3 0.000000000000000e+00
2 3 1 1 2 1 0.000000000000000e+00
2 3 1 1 2 2 0.000000000000000e+00
2 3 1 1 2 3 6.469082975589212e-01
2 3 1 1 3 1 0.000000000000000e+00
2 3 1 1 3 2 6.469082975589212e-01
2 3 1 1 3 3 0.000000000000000e+00
2 3 1 2 1 1 0.000000000000000e+00
2 3 1 2 1 2 0.000000000000000e+00
2 3 1 2 1 3 6.469082975589212e-01
2 3 1 2 2 1 0.000000000000000e+00
2 3 1 2 2 2 0.000000000000000e+00
2 3 1 2 2 3 0.000000000000000e+00
2 3 1 2 3 1 1.038655527126781e-01
2 3 1 2 3 2 0.000000000000000e+00
2 3 1 2 3 3 0.000000000000000e+00
2 3 1 3 1 1 0.000000000000000e+00
2 3 1 3 1 2 6.469082975589212e-01
2 3 1 3 1 3 0.000000000000000e+00
2 3 1 3 2 1 1.038655527126781e-01
2 3 1 3 2 2 0.000000000000000e+00
2 3 1 3 2 3 0.000000000000000e+00
2 3 1 3 3 1 0.000000000000000e+00
2 3 1 3 3 2 0.000000000000000e+00
2 3 1 3 3 3 0.000000000000000e+00
2 3 2 1 1 1 0.000000000000000e+00
2 3 2 1 1 2 0.000000000000000e+00
2 3 2 1 1 3 5.353732643799275e-01
2 3 2 1 2 1 0.000000000000000e+00
2 3 2 1 2 2 0.000000000000000e+00
2 3 2 1 2 3 0.000000000000000e+00
2 3 2 1 3 1 4.001403246872646e-01
2 3 2 1 3 2 0.000000000000000e+00
2 3 2 1 3 3 0.000000000000000e+00
2 3 2 2 1 1 0.000000000000000e+00
2 3 2 2 1 2 0.000000000000000e+00
2 3 2 2 1 3 0.000000000000000e+00
2 3 2 2 2 1 0.000000000000000e+00
2 3 2 2 2 2 0.000000000000000e+00
2 3 2 2 2 3 4.664510979789260e-01
2 3 2 2 3 1 0.000000000000000e+00
2 3 2 2 3 2 4.056540635287564e-01
2 3 2 2 3 3 0.000000000000000e+00
2 3 2 3 1 1 4.001403246872646e-01
2 3 2 3 1 2 0.000000000000000e+00
2 3 2 3 1 3 0.000000000000000e+00
2 3 2 3 2 1 0.000000000000000e+00
2 3 2 3 2 2 4.056540635287564e-01
2 3 2 3 2 3 0.000000000000000e+00
2 3 2 3 3 1 0.000000000000000e+00
2 3 2 3 3 2 0.000000000000000e+00
2 3 2 3 3 3 4.865053966787332e-01
2 3 3 1 1 1 0.000000000000000e+00
2 3 3 1 1 2 5.353732643799275e-01
2 3 3 1 1 3 0.000000000000000e+00
2 3 3 1 2 1 4.001403246872646e-01
2 3 3 1 2 2 0.000000000000000e+00
2 3 3 1 2 3 0.000000000000000e+00
2 3 3 1 3 1 0.000000000000000e+00
2 3 3 1 3 2 0.000000000000000e+00
2 3 3 1 3 3 0.000000000000000e+00
2 3 3 2 1 1 4.001403246872646e-01
2 3 3 2 1 2 0.000000000000000e+00
2 3 3 2 1 3 0.000000000000000e+00
2 3 3 2 2 1 0.000000000000000e+00
2 3 3 2 2 2 4.865053966787332e-01
2 3 3 2 2 3 0.000000000000000e+00
2 3 3 2 3 1 0.000000000000000e+00
2 3 3 2 3 2 0.000000000000000e+00
2 3 3 2 3 3 4.056540635287564e-01
2 3 3 3 1 1 0.000000000000000e+00
2 3 3 3 1 2 0.000000000000000e+00
2 3 3 3 1 3 0.000000000000000e+00
2 3 3 3 2 1 0.000000000000000e+00
2 3 3 3 2 2 0.000000000000000e+00
2 3 3 3 2 3 4.056540635287564e-01
2 3 3 3 3 1 0.000000000000000e+00
2 3 3 3 3 2 4.664510979789260e-01
2 3 3 3 3 3 0.000000000000000e+00
3 1 1 1 1 1 0.000000000000000e+00
3 1 1 1 1 2 0.000000000000000e+00
3 1 1 1 1 3 4.664510979789260e-01
3 1 1 1 2 1 0.000000000000000e+00
3 1 1 1 2 2 0.000000000000000e+00
3 1 1 1 2 3 0.000000000000000e+00
3 1 1 1 3 1 4.056540635287564e-01
3 1 1 1 3 2 0.000000000000000e+00
3 1 1 1 3 3 0.000000000000000e+00
3 1 1 2 1 1 0.000000000000000e+00
3 1 1 2 1 2 0.000000000000000e+00
3 1 1 2 1 3 0.000000000000000e+00
3 1 1 2 2 1 0.000000000000000e+00
3 1 1 2 2 2 0.000000000000000e+00
3 1 1 2 2 3 5.353732643799275e-01
3 1 1 2 3 1 0.000000000000000e+00
3 1 1 2 3 2 4.001403246872646e-01
3 1 1 2 3 3 0.000000000000000e+00
3 1 1 3 1 1 4.056540635287564e-01
3 1 1 3 1 2 0.000000000000000e+00
3 1 1 3 1 3 0.000000000000000e+00
3 1 1 3 2 1 0.000000000000000e+00
3 1 1 3 2 2 4.001403246872646e-01
3 1 1 3 2 3 0.000000000000000e+00
3 1 1 3 3 1 0.000000000000000e+00
3 1 1 3 3 2 0.000000000000000e+00
3 1 1 3 3 3 4.865053966787332e-01
3 1 2 1 1 1 0.000000000000000e+00
3 1 2 1 1 2 0.000000000000000e+00
3 1 2 1 1 3 0.000000000000000e+00
3 1 2 1 2 1 0.000000000000000e+00
3 1 2 1 2 2 0.000000000000000e+00
3 1 2 1 2 3 6.469082975589212e-01
3 1 2 1 3 1 0.000000000000000e+00
3 1 2 1 3 2 1.038655527126781e-01
3 1 2 1 3 3 0.000000000000000e+00
3 1 2 2 1 1 0.000000000000000e+00
3 1 2 2 1 2 0.000000000000000e+00
3 1 2 2 1 3 6.469082975589212e-01
3 1 2 2 2 1 0.000000000000000e+00
3 1 2 2 2 2 0.000000000000000e+00
3 1 2 2 2 3 0.000000000000000e+00
3 1 2 2 3 1 6.469082975589212e-01
3 1 2 2 3 2 0.000000000000000e+00
3 1 2 2 3 3 0.000000000000000e+00
3 1 2 3 1 1 0.000000000000000e+00
3 1 2 3 1 2 1.038655527126781e-01
3 1 2 3 1 3 0.000000000000000e+00
3 1 2 3 2 1 6.469082975589212e-01
3 1 2 3 2 2 0.000000000000000e+00
3 1 2 3 2 3 0.000000000000000e+00
3 1 2 3 3 1 0.000000000000000e+00
3 1 2 3 3 2 0.000000000000000e+00
3 1 2 3 3 3 0.000000000000000e+00
3 1 3 1 1 1 4.865053966787332e-01
3 1 3 1 1 2 0.000000000000000e+00
3 1 3 1 1 3 0.000000000000000e+00
3 1 3 1 2 1 0.000000000000000e+00
3 1 3 1 2 2 4.001403246872646e-01
3 1 3 1 2 3 0.000000000000000e+00
3 1 3 1 3 1 0.000000000000000e+00
3 1 3 1 3 2 0.000000000000000e+00
3 1 3 1 3 3 4.056540635287564e-01
3 1 3 2 1 1 0.000000000000000e+00
3 1 3 2 1 2 4.001403246872646e-01
3 1 3 2 1 3 0.000000000000000e+00
3 1 3 2 2 1 5.353732643799275e-01
3 1 3 2 2 2 0.000000000000000e+00
3 1 3 2 2 3 0.000000000000000e+00
3 1 3 2 3 1 0.000000000000000e+00
3 1 3 2 3 2 0.000000000000000e+00
3 1 3 2 3 3 0.000000000000000e+00
3 1 3 3 1 1 0.000000000000000e+00
3 1 3 3 1 2 0.000000000000000e+00
3 1 3 3 1 3 4.056540635287564e-01
3 1 3 3 2 1 0.000000000000000e+00
3 1 3 3 2 2 0.000000000000000e+00
3 1 3 3 2 3 0.000000000000000e+00
3 1 3 3 3 1 4.664510979789260e-01
3 1 3 3 3 2 0.000000000000000e+00
3 1 3 3 3 3 0.000000000000000e+00
3 2 1 1 1 1 0.000000000000000e+00
3 2 1 1 1 2 0.000000000000000e+00
3 2 1 1 1 3 0.000000000000000e+00
3 2 1 1 2 1 0.000000000000000e+00
3 2 1 1 2 2 0.000000000000000e+00
3 2 1 1 2 3 6.469082975589212e-01
3 2 1 1 3 1 0.000000000000000e+00
3 2 1 1 3 2 6.469082975589212e-01
3 2 1 1 3 3 0.000000000000000e+00
3 2 1 2 1 1 0.000000000000000e+00
3 2 1 2 1 2 0.000000000000000e+00
3 2 1 2 1 3 6.469082975589212e-01
3 2 1 2 2 1 0.000000000000000e+00
3 2 1 2 2 2 0.000000000000000e+00
3 2 1 2 2 3 0.000000000000000e+00
3 2 1 2 3 1 1.038655527126781e-01
3 2 1 2 3 2 0.000000000000000e+00
3 2 1 2 3 3 0.000000000000000e+00
3 2 1 3 1 1 0.000000000000000e+00
3 2 1 3 1 2 6.469082975589212e-01
3 2 1 3 1 3 0.000000000000000e+00
3 2 1 3 2 1 1.038655527126781e-01
3 2 1 3 2 2 0.000000000000000e+00
3 2 1 3 2 3 0.000000000000000e+00
3 2 1 3 3 1 0.000000000000000e+00
3 2 1 3 3 2 0.000000000000000e+00
3 2 1 3 3 3 0.000000000000000e+00
3 2 2 1 1 1 0.000000000000000e+00
3 2 2 1 1 2 0.000000000000000e+00
3 2 2 1 1 3 5.353732643799275e-01
3 2 2 1 2 1 0.000000000000000e+00
3 2 2 1 2 2 0.000000000000000e+00
3 2 2 1 2 3 0.000000000000000e+00
3 2 2 1 3 1 4.001403246872646e-01
3 2 2 1 3 2 0.000000000000000e+00
3 2 2 1 3 3 0.000000000000000e+00
3 2 2 2 1 1 0.000000000000000e+00
3 2 2 2 1 2 0.000000000000000e+00
3 2 2 2 1 3 0.000000000000000e+00
3 2 2 2 2 1 0.000000000000000e+00
3 2 2 2 2 2 0.000000000000000e+00
3 2 2 2 2 3 4.664510979789260e-01
3 2 2 2 3 1 0.000000000000000e+00
3 2 2 2 3 2 4.056540635287564e-01
3 2 2 2 3 3 0.000000000000000e+00
3 2 2 3 1 1 4.001403246872646e-01
3 2 2 3 1 2 0.000000000000000e+00
3 2 2 3 1 3 0.000000000000000e+00
3 2 2 3 2 1 0.000000000000000e+00
3 2 2 3 2 2 4.056540635287564e-01
3 2 2 3 2 3 0.000000000000000e+00
3 2 2 3 3 1 0.000000000000000e+00
3 2 2 3 3 2 0.000000000000000e+00
3 2 2 3 3 3 4.865053966787332e-01
3 2 3 1 1 1 0.000000000000000e+00
3 2 3 1 1 2 5.353732643799275e-01
3 2 3 1 1 3 0.000000000000000e+00
3 2 3 1 2 1 4.001403246872646e-01
3 2 3 1 2 2 0.000000000000000e+00
3 2 3 1 2 3 0.000000000000000e+00
3 2 3 1 3 1 0.000000000000000e+00
3 2 3 1 3 2 0.000000000000000e+00
3 2 3 1 3 3 0.000000000000000e+00
3 2 3 2 1 1 4.001403246872646e-01
3 2 3 2 1 2 0.000000000000000e+00
3 2 3 2 1 3 0.000000000000000e+00
3 2 3 2 2 1 0.000000000000000e+00
3 2 3 2 2 2 4.865053966787332e-01
3 2 3 2 2 3 0.000000000000000e+00
3 2 3 2 3 1 0.000000000000000e+00
3 2 3 2 3 2 0.000000000000000e+00
3 2 3 2 3 3 4.056540635287564e-01
3 2 3 3 1 1 0.000000000000000e+00
3 2 3 3 1 2 0.000000000000000e+00
3 2 3 3 1 3 0.000000000000000e+00
3 2 3 3 2 1 0.000000000000000e+00
3 2 3 3 2 2 0.000000000000000e+00
3 2 3 3 2 3 4.056540635287564e-01
3 2 3 3 3 1 0.000000000000000e+00
3 2 3 3 3 2 4.664510979789260e-01
3 2 3 3 3 3 0.000000000000000e+00
3 3 1 1 1 1 4.926064434998222e-01
3 3 1 1 1 2 0.000000000000000e+00
3 3 1 1 1 3 0.000000000000000e+00
3 3 1 1 2 1 0.000000000000000e+00
3 3 1 1 2 2 5.353732643799275e-01
3 3 1 1 2 3 0.000000000000000e+00
3 3 1 1 3 1 0.000000000000000e+00
3 3 1 1 3 2 0.000000000000000e+00
3 3 1 1 3 3 4.664510979789260e-01
3 3 1 2 1 1 0.000000000000000e+00
3 3 1 2 1 2 5.353732643799275e-01
3 3 1 2 1 3 0.000000000000000e+00
3 3 1 2 2 1 1.707215713558458e-01
3 3 1 2 2 2 0.000000000000000e+00
3 3 1 2 2 3 0.000000000000000e+00
3 3 1 2 3 1 0.000000000000000e+00
3 3 1 2 3 2 0.000000000000000e+00
3 3 1 2 3 3 0.000000000000000e+00
3 3 1 3 1 1 0.000000000000000e+00
3 3 1 3 1 2 0.000000000000000e+00
3 3 1 3 1 3 4.664510979789260e-01
3 3 1 3 2 1 0.000000000000000e+00
3 3 1 3 2 2 0.000000000000000e+00
3 3 1 3 2 3 0.000000000000000e+00
3 3 1 3 3 1 7.197518657924037e-01
3 3 1 3 3 2 0.000000000000000e+00
3 3 1 3 3 3 0.000000000000000e+00
3 3 2 1 1 1 0.000000000000000e+00
3 3 2 1 1 2 1.707215713558458e-01
3 3 2 1 1 3 0.000000000000000e+00
3 3 2 1 2 1 5.353732643799275e-01
3 3 2 1 2 2 0.000000000000000e+00
3 3 2 1 2 3 0.000000000000000e+00
3 3 2 1 3 1 0.000000000000000e+00
3 3 2 1 3 2 0.000000000000000e+00
3 3 2 1 3 3 0.000000000000000e+00
3 3 2 2 1 1 5.353732643799275e-01
3 3 2 2 1 2 0.000000000000000e+00
3 3 2 2 1 3 0.000000000000000e+00
3 3 2 2 2 1 0.000000000000000e+00
3 3 2 2 2 2 4.926064434998222e-01
3 3 2 2 2 3 0.000000000000000e+00
3 3 2 2 3 1 0.000000000000000e+00
3 3 2 2 3 2 0.000000000000000e+00
3 3 2 2 3 3 4.664510979789260e-01
3 3 2 3 1 1 0.000000000000000e+00
3 3 2 3 1 2 0.000000000000000e+00
3 3 2 3 1 3 0.000000000000000e+00
3 3 2 3 2 1 0.000000000000000e+00
3 3 2 3 2 2 0.000000000000000e+00
3 3 2 3 2 3 4.664510979789260e-01
3 3 2 3 3 1 0.000000000000000e+00
3 3 2 3 3 2 7.197518657924037e-01
3 3 2 3 3 3 0.000000000000000e+00
3 3 3 1 1 1 0.000000000000000e+00
3 3 3 1 1 2 0.000000000000000e+00
3 3 3 1 1 3 4.926064434998222e-01
3 3 3 1 2 1 0.000000000000000e+00
3 3 3 1 2 2 0.000000000000000e+00
3 3 3 1 2 3 0.000000000000000e+00
3 3 3 1 3 1 4.865053966787332e-01
3 3 3 1 3 2 0.000000000000000e+00
3 3 3 1 3 3 0.000000000000000e+00
3 3 3 2 1 1 0.000000000000000e+00
3 3 3 2 1 2 0.000000000000000e+00
3 3 3 2 1 3 0.000000000000000e+00
3 3 3 2 2 1 0.000000000000000e+00
3 3 3 2 2 2 0.000000000000000e+00
3 3 3 2 2 3 4.926064434998222e-01
3 3 3 2 3 1 0.000000000000000e+00
3 3 3 2 3 2 4.865053966787332e-01
3 3 3 2 3 3 0.000000000000000e+00
3 3 3 3 1 1 4.865053966787332e-01
3 3 3 3 1 2 0.000000000000000e+00
3 3 3 3 1 3 0.000000000000000e+00
3 3 3 3 2 1 0.000000000000000e+00
3 3 3 3 2 2 4.865053966787332e-01
3 3 3 3 2 3 0.000000000000000e+00
3 3 3 3 3 1 0.000000000000000e+00
3 3 3 3 3 2 0.000000000000000e+00
3 3 3 3 3 3 1.287444767888751e+00
