1  1  1  1 5.18000000e+00
1  1  1  2 8.32667268e-17
1  1  1  3 -9.42809042e-03
1  1  2  1 2.77555756e-17
1  1  2  2 1.97333333e+00
1  1  2  3 0.00000000e+00
1  1  3  1 -9.42809042e-03
1  1  3  2 0.00000000e+00
1  1  3  3 1.96666667e+00
1  2  1  1 2.77555756e-17
1  2  1  2 1.60333333e+00
1  2  1  3 0.00000000e+00
1  2  2  1 1.60333333e+00
1  2  2  2 0.00000000e+00
1  2  2  3 9.42809042e-03
1  2  3  1 0.00000000e+00
1  2  3  2 9.42809042e-03
1  2  3  3 0.00000000e+00
1  3  1  1 -9.42809042e-03
1  3  1  2 0.00000000e+00
1  3  1  3 1.59666667e+00
1  3  2  1 0.00000000e+00
1  3  2  2 9.42809042e-03
1  3  2  3 0.00000000e+00
1  3  3  1 1.59666667e+00
1  3  3  2 -5.55111512e-17
1  3  3  3 -5.55111512e-16
2  1  1  1 2.77555756e-17
2  1  1  2 1.60333333e+00
2  1  1  3 0.00000000e+00
2  1  2  1 1.60333333e+00
2  1  2  2 0.00000000e+00
2  1  2  3 9.42809042e-03
2  1  3  1 0.00000000e+00
2  1  3  2 9.42809042e-03
2  1  3  3 0.00000000e+00
2  2  1  1 1.97333333e+00
2  2  1  2 0.00000000e+00
2  2  1  3 9.42809042e-03
2  2  2  1 0.00000000e+00
2  2  2  2 5.18000000e+00
2  2  2  3 0.00000000e+00
2  2  3  1 9.42809042e-03
2  2  3  2 0.00000000e+00
2  2  3  3 1.96666667e+00
2  3  1  1 -1.11022302e-16
2  3  1  2 9.42809042e-03
2  3  1  3 0.00000000e+00
2  3  2  1 9.42809042e-03
2  3  2  2 0.00000000e+00
2  3  2  3 1.59666667e+00
2  3  3  1 0.00000000e+00
2  3  3  2 1.59666667e+00
2  3  3  3 2.22044605e-16
3  1  1  1 -9.42809042e-03
3  1  1  2 0.00000000e+00
3  1  1  3 1.59666667e+00
3  1  2  1 0.00000000e+00
3  1  2  2 9.42809042e-03
3  1  2  3 0.00000000e+00
3  1  3  1 1.59666667e+00
3  1  3  2 -5.55111512e-17
3  1  3  3 1.11022302e-16
3  2  1  1 -1.11022302e-16
3  2  1  2 9.42809042e-03
3  2  1  3 0.00000000e+00
3  2  2  1 9.42809042e-03
3  2  2  2 0.00000000e+00
3  2  2  3 1.59666667e+00
3  2  3  1 0.00000000e+00
3  2  3  2 1.59666667e+00
3  2  3  3 0.00000000e+00
3  3  1  1 1.96666667e+00
3  3  1  2 -5.55111512e-17
3  3  1  3 0.00000000e+00
3  3  2  1 -5.55111512e-17
3  3  2  2 1.96666667e+00
3  3  2  3 -1.11022302e-16
3  3  3  1 0.00000000e+00
3  3  3  2 -1.11022302e-16
3  3  3  3 5.18666667e+00
