1  1  1  1 2.28000000e+02
1  1  1  2 0.00000000e+00
1  1  1  3 0.00000000e+00
1  1  2  1 0.00000000e+00
1  1  2  2 1.32000000e+02
1  1  2  3 0.00000000e+00
1  1  3  1 0.00000000e+00
1  1  3  2 0.00000000e+00
1  1  3  3 1.32000000e+02
1  2  1  1 0.00000000e+00
1  2  1  2 1.16000000e+02
1  2  1  3 0.00000000e+00
1  2  2  1 1.16000000e+02
1  2  2  2 0.00000000e+00
1  2  2  3 0.00000000e+00
1  2  3  1 0.00000000e+00
1  2  3  2 0.00000000e+00
1  2  3  3 0.00000000e+00
1  3  1  1 0.00000000e+00
1  3  1  2 0.00000000e+00
1  3  1  3 1.16000000e+02
1  3  2  1 0.00000000e+00
1  3  2  2 0.00000000e+00
1  3  2  3 0.00000000e+00
1  3  3  1 1.16000000e+02
1  3  3  2 0.00000000e+00
1  3  3  3 0.00000000e+00
2  1  1  1 0.00000000e+00
2  1  1  2 1.16000000e+02
2  1  1  3 0.00000000e+00
2  1  2  1 1.16000000e+02
2  1  2  2 0.00000000e+00
2  1  2  3 0.00000000e+00
2  1  3  1 0.00000000e+00
2  1  3  2 0.00000000e+00
2  1  3  3 0.00000000e+00
2  2  1  1 1.32000000e+02
2  2  1  2 0.00000000e+00
2  2  1  3 0.00000000e+00
2  2  2  1 0.00000000e+00
2  2  2  2 2.28000000e+02
2  2  2  3 0.00000000e+00
2  2  3  1 0.00000000e+00
2  2  3  2 0.00000000e+00
2  2  3  3 1.32000000e+02
2  3  1  1 0.00000000e+00
2  3  1  2 0.00000000e+00
2  3  1  3 0.00000000e+00
2  3  2  1 0.00000000e+00
2  3  2  2 0.00000000e+00
2  3  2  3 1.16000000e+02
2  3  3  1 0.00000000e+00
2  3  3  2 1.16000000e+02
2  3  3  3 0.00000000e+00
3  1  1  1 0.00000000e+00
3  1  1  2 0.00000000e+00
3  1  1  3 1.16000000e+02
3  1  2  1 0.00000000e+00
3  1  2  2 0.00000000e+00
3  1  2  3 0.00000000e+00
3  1  3  1 1.16000000e+02
3  1  3  2 0.00000000e+00
3  1  3  3 0.00000000e+00
3  2  1  1 0.00000000e+00
3  2  1  2 0.00000000e+00
3  2  1  3 0.00000000e+00
3  2  2  1 0.00000000e+00
3  2  2  2 0.00000000e+00
3  2  2  3 1.16000000e+02
3  2  3  1 0.00000000e+00
3  2  3  2 1.16000000e+02
3  2  3  3 0.00000000e+00
3  3  1  1 1.32000000e+02
3  3  1  2 0.00000000e+00
3  3  1  3 0.00000000e+00
3  3  2  1 0.00000000e+00
3  3  2  2 1.32000000e+02
3  3  2  3 0.00000000e+00
3  3  3  1 0.00000000e+00
3  3  3  2 0.00000000e+00
3  3  3  3 2.28000000e+02
