1 1 1 1 1.516594546462549e+00
1 1 1 2 0.000000000000000e+00
1 1 1 3 0.000000000000000e+00
1 1 2 1 0.000000000000000e+00
1 1 2 2 8.616041324143724e-01
1 1 2 3 0.000000000000000e+00
1 1 3 1 0.000000000000000e+00
1 1 3 2 0.000000000000000e+00
1 1 3 3 8.616041324143724e-01
1 2 1 1 0.000000000000000e+00
1 2 1 2 7.609610912321901e-01
1 2 1 3 0.000000000000000e+00
1 2 2 1 7.609610912321901e-01
1 2 2 2 0.000000000000000e+00
1 2 2 3 0.000000000000000e+00
1 2 3 1 0.000000000000000e+00
1 2 3 2 0.000000000000000e+00
1 2 3 3 0.000000000000000e+00
1 3 1 1 0.000000000000000e+00
1 3 1 2 0.000000000000000e+00
1 3 1 3 7.609610912321901e-01
1 3 2 1 0.000000000000000e+00
1 3 2 2 0.000000000000000e+00
1 3 2 3 0.000000000000000e+00
1 3 3 1 7.609610912321901e-01
1 3 3 2 0.000000000000000e+00
1 3 3 3 0.000000000000000e+00
2 1 1 1 0.000000000000000e+00
2 1 1 2 7.609610912321901e-01
2 1 1 3 0.000000000000000e+00
2 1 2 1 7.609610912321901e-01
2 1 2 2 0.000000000000000e+00
2 1 2 3 0.000000000000000e+00
2 1 3 1 0.000000000000000e+00
2 1 3 2 0.000000000000000e+00
2 1 3 3 0.000000000000000e+00
2 2 1 1 8.616041324143724e-01
2 2 1 2 0.000000000000000e+00
2 2 1 3 0.000000000000000e+00
2 2 2 1 0.000000000000000e+00
2 2 2 2 1.516594546462549e+00
2 2 2 3 0.000000000000000e+00
2 2 3 1 0.000000000000000e+00
2 2 3 2 0.000000000000000e+00
2 2 3 3 8.616041324143724e-01
2 3 1 1 0.000000000000000e+00
2 3 1 2 0.000000000000000e+00
2 3 1 3 0.000000000000000e+00
2 3 2 1 0.000000000000000e+00
2 3 2 2 0.000000000000000e+00
2 3 2 3 7.609610912321901e-01
2 3 3 1 0.000000000000000e+00
2 3 3 2 7.609610912321901e-01
2 3 3 3 0.000000000000000e+00
3 1 1 1 0.000000000000000e+00
3 1 1 2 0.000000000000000e+00
3 1 1 3 7.609610912321901e-01
3 1 2 1 0.000000000000000e+00
3 1 2 2 0.000000000000000e+00
3 1 2 3 0.000000000000000e+00
3 1 3 1 7.609610912321901e-01
3 1 3 2 0.000000000000000e+00
3 1 3 3 0.000000000000000e+00
3 2 1 1 0.000000000000000e+00
3 2 1 2 0.000000000000000e+00
3 2 1 3 0.000000000000000e+00
3 2 2 1 0.000000000000000e+00
3 2 2 2 0.000000000000000e+00
3 2 2 3 7.609610912321901e-01
3 2 3 1 0.000000000000000e+00
3 2 3 2 7.609610912321901e-01
3 2 3 3 0.000000000000000e+00
3 3 1 1 8.616041324143724e-01
3 3 1 2 0.000000000000000e+00
3 3 1 3 0.000000000000000e+00
3 3 2 1 0.000000000000000e+00
3 3 2 2 8.616041324143724e-01
3 3 2 3 0.000000000000000e+00
3 3 3 1 0.000000000000000e+00
3 3 3 2 0.000000000000000e+00
3 3 3 3 1.516594546462549e+00
