1 1 1 1 1 1 1.074228500649784e+00
1 1 1 1 1 2 0.000000000000000e+00
1 1 1 1 1 3 0.000000000000000e+00
1 1 1 1 2 1 0.000000000000000e+00
1 1 1 1 2 2 2.284964108762837e-01
1 1 1 1 2 3 0.000000000000000e+00
1 1 1 1 3 1 0.000000000000000e+00
1 1 1 1 3 2 0.000000000000000e+00
1 1 1 1 3 3 2.284964108762837e-01
1 1 1 2 1 1 0.000000000000000e+00
1 1 1 2 1 2 2.284964108762837e-01
1 1 1 2 1 3 0.000000000000000e+00
1 1 1 2 2 1 3.234635798653715e-01
1 1 1 2 2 2 0.000000000000000e+00
1 1 1 2 2 3 0.000000000000000e+00
1 1 1 2 3 1 0.000000000000000e+00
1 1 1 2 3 2 0.000000000000000e+00
1 1 1 2 3 3 0.000000000000000e+00
1 1 1 3 1 1 0.000000000000000e+00
1 1 1 3 1 2 0.000000000000000e+00
1 1 1 3 1 3 2.284964108762837e-01
1 1 1 3 2 1 0.000000000000000e+00
1 1 1 3 2 2 0.000000000000000e+00
1 1 1 3 2 3 0.000000000000000e+00
1 1 1 3 3 1 3.234635798653715e-01
1 1 1 3 3 2 0.000000000000000e+00
1 1 1 3 3 3 0.000000000000000e+00
1 1 2 1 1 1 0.000000000000000e+00
1 1 2 1 1 2 6.668311487669362e-01
1 1 2 1 1 3 0.000000000000000e+00
1 1 2 1 2 1 3.922441472487639e-02
1 1 2 1 2 2 0.000000000000000e+00
1 1 2 1 2 3 0.000000000000000e+00
1 1 2 1 3 1 0.000000000000000e+00
1 1 2 1 3 2 0.000000000000000e+00
1 1 2 1 3 3 0.000000000000000e+00
1 1 2 2 1 1 3.922441472487639e-02
1 1 2 2 1 2 0.000000000000000e+00
1 1 2 2 1 3 0.000000000000000e+00
1 1 2 2 2 1 0.000000000000000e+00
1 1 2 2 2 2 3.234635798653715e-01
1 1 2 2 2 3 0.000000000000000e+00
1 1 2 2 3 1 0.000000000000000e+00
1 1 2 2 3 2 0.000000000000000e+00
1 1 2 2 3 3 3.642955292048546e-01
1 1 2 3 1 1 0.000000000000000e+00
1 1 2 3 1 2 0.000000000000000e+00
1 1 2 3 1 3 0.000000000000000e+00
1 1 2 3 2 1 0.000000000000000e+00
1 1 2 3 2 2 0.000000000000000e+00
1 1 2 3 2 3 3.642955292048546e-01
1 1 2 3 3 1 0.000000000000000e+00
1 1 2 3 3 2 9.196097286348208e-01
1 1 2 3 3 3 0.000000000000000e+00
1 1 3 1 1 1 0.000000000000000e+00
1 1 3 1 1 2 0.000000000000000e+00
1 1 3 1 1 3 6.668311487669362e-01
1 1 3 1 2 1 0.000000000000000e+00
1 1 3 1 2 2 0.000000000000000e+00
1 1 3 1 2 3 0.000000000000000e+00
1 1 3 1 3 1 3.922441472487639e-02
1 1 3 1 3 2 0.000000000000000e+00
1 1 3 1 3 3 0.000000000000000e+00
1 1 3 2 1 1 0.000000000000000e+00
1 1 3 2 1 2 0.000000000000000e+00
1 1 3 2 1 3 0.000000000000000e+00
1 1 3 2 2 1 0.000000000000000e+00
1 1 3 2 2 2 0.000000000000000e+00
1 1 3 2 2 3 9.196097286348208e-01
1 1 3 2 3 1 0.000000000000000e+00
1 1 3 2 3 2 3.642955292048546e-01
1 1 3 2 3 3 0.000000000000000e+00
1 1 3 3 1 1 3.922441472487639e-02
1 1 3 3 1 2 0.000000000000000e+00
1 1 3 3 1 3 0.000000000000000e+00
1 1 3 3 2 1 0.000000000000000e+00
1 1 3 3 2 2 3.642955292048546e-01
1 1 3 3 2 3 0.000000000000000e+00
1 1 3 3 3 1 0.000000000000000e+00
1 1 3 3 3 2 0.000000000000000e+00
1 1 3 3 3 3 3.234635798653715e-01
1 2 1 1 1 1 0.000000000000000e+00
1 2 1 1 1 2 3.922441472487639e-02
1 2 1 1 1 3 0.000000000000000e+00
1 2 1 1 2 1 5.091208658963980e-01
1 2 1 1 2 2 0.000000000000000e+00
1 2 1 1 2 3 0.000000000000000e+00
1 2 1 1 3 1 0.000000000000000e+00
1 2 1 1 3 2 0.000000000000000e+00
1 2 1 1 3 3 0.000000000000000e+00
1 2 1 2 1 1 5.091208658963980e-01
1 2 1 2 1 2 0.000000000000000e+00
1 2 1 2 1 3 0.000000000000000e+00
1 2 1 2 2 1 0.000000000000000e+00
1 2 1 2 2 2 2.284964108762837e-01
1 2 1 2 2 3 0.000000000000000e+00
1 2 1 2 3 1 0.000000000000000e+00
1 2 1 2 3 2 0.000000000000000e+00
1 2 1 2 3 3 2.990476559060521e-01
1 2 1 3 1 1 0.000000000000000e+00
1 2 1 3 1 2 0.000000000000000e+00
1 2 1 3 1 3 0.000000000000000e+00
1 2 1 3 2 1 0.000000000000000e+00
1 2 1 3 2 2 0.000000000000000e+00
1 2 1 3 2 3 2.990476559060521e-01
1 2 1 3 3 1 0.000000000000000e+00
1 2 1 3 3 2 3.642955292048546e-01
1 2 1 3 3 3 0.000000000000000e+00
1 2 2 1 1 1 2.284964108762837e-01
1 2 2 1 1 2 0.000000000000000e+00
1 2 2 1 1 3 0.000000000000000e+00
1 2 2 1 2 1 0.000000000000000e+00
1 2 2 1 2 2 5.091208658963980e-01
1 2 2 1 2 3 0.000000000000000e+00
1 2 2 1 3 1 0.000000000000000e+00
1 2 2 1 3 2 0.000000000000000e+00
1 2 2 1 3 3 2.990476559060521e-01
1 2 2 2 1 1 0.000000000000000e+00
1 2 2 2 1 2 5.091208658963980e-01
1 2 2 2 1 3 0.000000000000000e+00
1 2 2 2 2 1 3.922441472487639e-02
1 2 2 2 2 2 0.000000000000000e+00
1 2 2 2 2 3 0.000000000000000e+00
1 2 2 2 3 1 0.000000000000000e+00
1 2 2 2 3 2 0.000000000000000e+00
1 2 2 2 3 3 0.000000000000000e+00
1 2 2 3 1 1 0.000000000000000e+00
1 2 2 3 1 2 0.000000000000000e+00
1 2 2 3 1 3 2.990476559060521e-01
1 2 2 3 2 1 0.000000000000000e+00
1 2 2 3 2 2 0.000000000000000e+00
1 2 2 3 2 3 0.000000000000000e+00
1 2 2 3 3 1 3.642955292048546e-01
1 2 2 3 3 2 0.000000000000000e+00
1 2 2 3 3 3 0.000000000000000e+00
1 2 3 1 1 1 0.000000000000000e+00
1 2 3 1 1 2 0.000000000000000e+00
1 2 3 1 1 3 0.000000000000000e+00
1 2 3 1 2 1 0.000000000000000e+00
1 2 3 1 2 2 0.000000000000000e+00
1 2 3 1 2 3 4.159923537053418e-01
1 2 3 1 3 1 0.000000000000000e+00
1 2 3 1 3 2 3.830008826287502e-01
1 2 3 1 3 3 0.000000000000000e+00
1 2 3 2 1 1 0.000000000000000e+00
1 2 3 2 1 2 0.000000000000000e+00
1 2 3 2 1 3 4.159923537053418e-01
1 2 3 2 2 1 0.000000000000000e+00
1 2 3 2 2 2 0.000000000000000e+00
1 2 3 2 2 3 0.000000000000000e+00
1 2 3 2 3 1 3.830008826287502e-01
1 2 3 2 3 2 0.000000000000000e+00
1 2 3 2 3 3 0.000000000000000e+00
1 2 3 3 1 1 0.000000000000000e+00
1 2 3 3 1 2 3.830008826287502e-01
1 2 3 3 1 3 0.000000000000000e+00
1 2 3 3 2 1 3.830008826287502e-01
1 2 3 3 2 2 0.000000000000000e+00
1 2 3 3 2 3 0.000000000000000e+00
1 2 3 3 3 1 0.000000000000000e+00
1 2 3 3 3 2 0.000000000000000e+00
1 2 3 3 3 3 0.000000000000000e+00
1 3 1 1 1 1 0.000000000000000e+00
1 3 1 1 1 2 0.000000000000000e+00
1 3 1 1 1 3 3.922441472487639e-02
1 3 1 1 2 1 0.000000000000000e+00
1 3 1 1 2 2 0.000000000000000e+00
1 3 1 1 2 3 0.000000000000000e+00
1 3 1 1 3 1 5.091208658963980e-01
1 3 1 1 3 2 0.000000000000000e+00
1 3 1 1 3 3 0.000000000000000e+00
1 3 1 2 1 1 0.000000000000000e+00
1 3 1 2 1 2 0.000000000000000e+00
1 3 1 2 1 3 0.000000000000000e+00
1 3 1 2 2 1 0.000000000000000e+00
1 3 1 2 2 2 0.000000000000000e+00
1 3 1 2 2 3 3.642955292048546e-01
1 3 1 2 3 1 0.000000000000000e+00
1 3 1 2 3 2 2.990476559060521e-01
1 3 1 2 3 3 0.000000000000000e+00
1 3 1 3 1 1 5.091208658963980e-01
1 3 1 3 1 2 0.000000000000000e+00
1 3 1 3 1 3 0.000000000000000e+00
1 3 1 3 2 1 0.000000000000000e+00
1 3 1 3 2 2 2.990476559060521e-01
1 3 1 3 2 3 0.000000000000000e+00
1 3 1 3 3 1 0.000000000000000e+00
1 3 1 3 3 2 0.000000000000000e+00
1 3 1 3 3 3 2.284964108762837e-01
1 3 2 1 1 1 0.000000000000000e+00
1 3 2 1 1 2 0.000000000000000e+00
1 3 2 1 1 3 0.000000000000000e+00
1 3 2 1 2 1 0.000000000000000e+00
1 3 2 1 2 2 0.000000000000000e+00
1 3 2 1 2 3 3.830008826287502e-01
1 3 2 1 3 1 0.000000000000000e+00
1 3 2 1 3 2 4.159923537053418e-01
1 3 2 1 3 3 0.000000000000000e+00
1 3 2 2 1 1 0.000000000000000e+00
1 3 2 2 1 2 0.000000000000000e+00
1 3 2 2 1 3 3.830008826287502e-01
1 3 2 2 2 1 0.000000000000000e+00
1 3 2 2 2 2 0.000000000000000e+00
1 3 2 2 2 3 0.000000000000000e+00
1 3 2 2 3 1 3.830008826287502e-01
1 3 2 2 3 2 0.000000000000000e+00
1 3 2 2 3 3 0.000000000000000e+00
1 3 2 3 1 1 0.000000000000000e+00
1 3 2 3 1 2 4.159923537053418e-01
1 3 2 3 1 3 0.000000000000000e+00
1 3 2 3 2 1 3.830008826287502e-01
1 3 2 3 2 2 0.000000000000000e+00
1 3 2 3 2 3 0.000000000000000e+00
1 3 2 3 3 1 0.000000000000000e+00
1 3 2 3 3 2 0.000000000000000e+00
1 3 2 3 3 3 0.000000000000000e+00
1 3 3 1 1 1 2.284964108762837e-01
1 3 3 1 1 2 0.000000000000000e+00
1 3 3 1 1 3 0.000000000000000e+00
1 3 3 1 2 1 0.000000000000000e+00
1 3 3 1 2 2 2.990476559060521e-01
1 3 3 1 2 3 0.000000000000000e+00
1 3 3 1 3 1 0.000000000000000e+00
1 3 3 1 3 2 0.000000000000000e+00
1 3 3 1 3 3 5.091208658963980e-01
1 3 3 2 1 1 0.000000000000000e+00
1 3 3 2 1 2 2.990476559060521e-01
1 3 3 2 1 3 0.000000000000000e+00
1 3 3 2 2 1 3.642955292048546e-01
1 3 3 2 2 2 0.000000000000000e+00
1 3 3 2 2 3 0.000000000000000e+00
1 3 3 2 3 1 0.000000000000000e+00
1 3 3 2 3 2 0.000000000000000e+00
1 3 3 2 3 3 0.000000000000000e+00
1 3 3 3 1 1 0.000000000000000e+00
1 3 3 3 1 2 0.000000000000000e+00
1 3 3 3 1 3 5.091208658963980e-01
1 3 3 3 2 1 0.000000000000000e+00
1 3 3 3 2 2 0.000000000000000e+00
1 3 3 3 2 3 0.000000000000000e+00
1 3 3 3 3 1 3.922441472487639e-02
1 3 3 3 3 2 0.000000000000000e+00
1 3 3 3 3 3 0.000000000000000e+00
2 1 1 1 1 1 0.000000000000000e+00
2 1 1 1 1 2 3.922441472487639e-02
2 1 1 1 1 3 0.000000000000000e+00
2 1 1 1 2 1 5.091208658963980e-01
2 1 1 1 2 2 0.000000000000000e+00
2 1 1 1 2 3 0.000000000000000e+00
2 1 1 1 3 1 0.000000000000000e+00
2 1 1 1 3 2 0.000000000000000e+00
2 1 1 1 3 3 0.000000000000000e+00
2 1 1 2 1 1 5.091208658963980e-01
2 1 1 2 1 2 0.000000000000000e+00
2 1 1 2 1 3 0.000000000000000e+00
2 1 1 2 2 1 0.000000000000000e+00
2 1 1 2 2 2 2.284964108762837e-01
2 1 1 2 2 3 0.000000000000000e+00
2 1 1 2 3 1 0.000000000000000e+00
2 1 1 2 3 2 0.000000000000000e+00
2 1 1 2 3 3 2.990476559060521e-01
2 1 1 3 1 1 0.000000000000000e+00
2 1 1 3 1 2 0.000000000000000e+00
2 1 1 3 1 3 0.000000000000000e+00
2 1 1 3 2 1 0.000000000000000e+00
2 1 1 3 2 2 0.000000000000000e+00
2 1 1 3 2 3 2.990476559060521e-01
2 1 1 3 3 1 0.000000000000000e+00
2 1 1 3 3 2 3.642955292048546e-01
2 1 1 3 3 3 0.000000000000000e+00
2 1 2 1 1 1 2.284964108762837e-01
2 1 2 1 1 2 0.000000000000000e+00
2 1 2 1 1 3 0.000000000000000e+00
2 1 2 1 2 1 0.000000000000000e+00
2 1 2 1 2 2 5.091208658963980e-01
2 1 2 1 2 3 0.000000000000000e+00
2 1 2 1 3 1 0.000000000000000e+00
2 1 2 1 3 2 0.000000000000000e+00
2 1 2 1 3 3 2.990476559060521e-01
2 1 2 2 1 1 0.000000000000000e+00
2 1 2 2 1 2 5.091208658963980e-01
2 1 2 2 1 3 0.000000000000000e+00
2 1 2 2 2 1 3.922441472487639e-02
2 1 2 2 2 2 0.000000000000000e+00
2 1 2 2 2 3 0.000000000000000e+00
2 1 2 2 3 1 0.000000000000000e+00
2 1 2 2 3 2 0.000000000000000e+00
2 1 2 2 3 3 0.000000000000000e+00
2 1 2 3 1 1 0.000000000000000e+00
2 1 2 3 1 2 0.000000000000000e+00
2 1 2 3 1 3 2.990476559060521e-01
2 1 2 3 2 1 0.000000000000000e+00
2 1 2 3 2 2 0.000000000000000e+00
2 1 2 3 2 3 0.000000000000000e+00
2 1 2 3 3 1 3.642955292048546e-01
2 1 2 3 3 2 0.000000000000000e+00
2 1 2 3 3 3 0.000000000000000e+00
2 1 3 1 1 1 0.000000000000000e+00
2 1 3 1 1 2 0.000000000000000e+00
2 1 3 1 1 3 0.000000000000000e+00
2 1 3 1 2 1 0.000000000000000e+00
2 1 3 1 2 2 0.000000000000000e+00
2 1 3 1 2 3 4.159923537053418e-01
2 1 3 1 3 1 0.000000000000000e+00
2 1 3 1 3 2 3.830008826287502e-01
2 1 3 1 3 3 0.000000000000000e+00
2 1 3 2 1 1 0.000000000000000e+00
2 1 3 2 1 2 0.000000000000000e+00
2 1 3 2 1 3 4.159923537053418e-01
2 1 3 2 2 1 0.000000000000000e+00
2 1 3 2 2 2 0.000000000000000e+00
2 1 3 2 2 3 0.000000000000000e+00
2 1 3 2 3 1 3.830008826287502e-01
2 1 3 2 3 2 0.000000000000000e+00
2 1 3 2 3 3 0.000000000000000e+00
2 1 3 3 1 1 0.000000000000000e+00
2 1 3 3 1 2 3.830008826287502e-01
2 1 3 3 1 3 0.000000000000000e+00
2 1 3 3 2 1 3.830008826287502e-01
2 1 3 3 2 2 0.000000000000000e+00
2 1 3 3 2 3 0.000000000000000e+00
2 1 3 3 3 1 0.000000000000000e+00
2 1 3 3 3 2 0.000000000000000e+00
2 1 3 3 3 3 0.000000000000000e+00
2 2 1 1 1 1 3.234635798653715e-01
2 2 1 1 1 2 0.000000000000000e+00
2 2 1 1 1 3 0.000000000000000e+00
2 2 1 1 2 1 0.000000000000000e+00
2 2 1 1 2 2 3.922441472487639e-02
2 2 1 1 2 3 0.000000000000000e+00
2 2 1 1 3 1 0.000000000000000e+00
2 2 1 1 3 2 0.000000000000000e+00
2 2 1 1 3 3 3.642955292048546e-01
2 2 1 2 1 1 0.000000000000000e+00
2 2 1 2 1 2 3.922441472487639e-02
2 2 1 2 1 3 0.000000000000000e+00
2 2 1 2 2 1 6.668311487669362e-01
2 2 1 2 2 2 0.000000000000000e+00
2 2 1 2 2 3 0.000000000000000e+00
2 2 1 2 3 1 0.000000000000000e+00
2 2 1 2 3 2 0.000000000000000e+00
2 2 1 2 3 3 0.000000000000000e+00
2 2 1 3 1 1 0.000000000000000e+00
2 2 1 3 1 2 0.000000000000000e+00
2 2 1 3 1 3 3.642955292048546e-01
2 2 1 3 2 1 0.000000000000000e+00
2 2 1 3 2 2 0.000000000000000e+00
2 2 1 3 2 3 0.000000000000000e+00
2 2 1 3 3 1 9.196097286348208e-01
2 2 1 3 3 2 0.000000000000000e+00
2 2 1 3 3 3 0.000000000000000e+00
2 2 2 1 1 1 0.000000000000000e+00
2 2 2 1 1 2 3.234635798653715e-01
2 2 2 1 1 3 0.000000000000000e+00
2 2 2 1 2 1 2.284964108762837e-01
2 2 2 1 2 2 0.000000000000000e+00
2 2 2 1 2 3 0.000000000000000e+00
2 2 2 1 3 1 0.000000000000000e+00
2 2 2 1 3 2 0.000000000000000e+00
2 2 2 1 3 3 0.000000000000000e+00
2 2 2 2 1 1 2.284964108762837e-01
2 2 2 2 1 2 0.000000000000000e+00
2 2 2 2 1 3 0.000000000000000e+00
2 2 2 2 2 1 0.000000000000000e+00
2 2 2 2 2 2 1.074228500649784e+00
2 2 2 2 2 3 0.000000000000000e+00
2 2 2 2 3 1 0.000000000000000e+00
2 2 2 2 3 2 0.000000000000000e+00
2 2 2 2 3 3 2.284964108762837e-01
2 2 2 3 1 1 0.000000000000000e+00
2 2 2 3 1 2 0.000000000000000e+00
2 2 2 3 1 3 0.000000000000000e+00
2 2 2 3 2 1 0.000000000000000e+00
2 2 2 3 2 2 0.000000000000000e+00
2 2 2 3 2 3 2.284964108762837e-01
2 2 2 3 3 1 0.000000000000000e+00
2 2 2 3 3 2 3.234635798653715e-01
2 2 2 3 3 3 0.000000000000000e+00
2 2 3 1 1 1 0.000000000000000e+00
2 2 3 1 1 2 0.000000000000000e+00
2 2 3 1 1 3 9.196097286348208e-01
2 2 3 1 2 1 0.000000000000000e+00
2 2 3 1 2 2 0.000000000000000e+00
2 2 3 1 2 3 0.000000000000000e+00
2 2 3 1 3 1 3.642955292048546e-01
2 2 3 1 3 2 0.000000000000000e+00
2 2 3 1 3 3 0.000000000000000e+00
2 2 3 2 1 1 0.000000000000000e+00
2 2 3 2 1 2 0.000000000000000e+00
2 2 3 2 1 3 0.000000000000000e+00
2 2 3 2 2 1 0.000000000000000e+00
2 2 3 2 2 2 0.000000000000000e+00
2 2 3 2 2 3 6.668311487669362e-01
2 2 3 2 3 1 0.000000000000000e+00
2 2 3 2 3 2 3.922441472487639e-02
2 2 3 2 3 3 0.000000000000000e+00
2 2 3 3 1 1 3.642955292048546e-01
2 2 3 3 1 2 0.000000000000000e+00
2 2 3 3 1 3 0.000000000000000e+00
2 2 3 3 2 1 0.000000000000000e+00
2 2 3 3 2 2 3.922441472487639e-02
2 2 3 3 2 3 0.000000000000000e+00
2 2 3 3 3 1 0.000000000000000e+00
2 2 3 3 3 2 0.000000000000000e+00
2 2 3 3 3 3 3.234635798653715e-01
2 3 1 1 1 1 0.000000000000000e+00
2 3 1 1 1 2 0.000000000000000e+00
2 3 1 1 1 3 0.000000000000000e+00
2 3 1 1 2 1 0.000000000000000e+00
2 3 1 1 2 2 0.000000000000000e+00
2 3 1 1 2 3 3.830008826287502e-01
2 3 1 1 3 1 0.000000000000000e+00
2 3 1 1 3 2 3.830008826287502e-01
2 3 1 1 3 3 0.000000000000000e+00
2 3 1 2 1 1 0.000000000000000e+00
2 3 1 2 1 2 0.000000000000000e+00
2 3 1 2 1 3 3.830008826287502e-01
2 3 1 2 2 1 0.000000000000000e+00
2 3 1 2 2 2 0.000000000000000e+00
2 3 1 2 2 3 0.000000000000000e+00
2 3 1 2 3 1 4.159923537053418e-01
2 3 1 2 3 2 0.000000000000000e+00
2 3 1 2 3 3 0.000000000000000e+00
2 3 1 3 1 1 0.000000000000000e+00
2 3 1 3 1 2 3.830008826287502e-01
2 3 1 3 1 3 0.000000000000000e+00
2 3 1 3 2 1 4.159923537053418e-01
2 3 1 3 2 2 0.000000000000000e+00
2 3 1 3 2 3 0.000000000000000e+00
2 3 1 3 3 1 0.000000000000000e+00
2 3 1 3 3 2 0.000000000000000e+00
2 3 1 3 3 3 0.000000000000000e+00
2 3 2 1 1 1 0.000000000000000e+00
2 3 2 1 1 2 0.000000000000000e+00
2 3 2 1 1 3 3.642955292048546e-01
2 3 2 1 2 1 0.000000000000000e+00
2 3 2 1 2 2 0.000000000000000e+00
2 3 2 1 2 3 0.000000000000000e+00
2 3 2 1 3 1 2.990476559060521e-01
2 3 2 1 3 2 0.000000000000000e+00
2 3 2 1 3 3 0.000000000000000e+00
2 3 2 2 1 1 0.000000000000000e+00
2 3 2 2 1 2 0.000000000000000e+00
2 3 2 2 1 3 0.000000000000000e+00
2 3 2 2 2 1 0.000000000000000e+00
2 3 2 2 2 2 0.000000000000000e+00
2 3 2 2 2 3 3.922441472487639e-02
2 3 2 2 3 1 0.000000000000000e+00
2 3 2 2 3 2 5.091208658963980e-01
2 3 2 2 3 3 0.000000000000000e+00
2 3 2 3 1 1 2.990476559060521e-01
2 3 2 3 1 2 0.000000000000000e+00
2 3 2 3 1 3 0.000000000000000e+00
2 3 2 3 2 1 0.000000000000000e+00
2 3 2 3 2 2 5.091208658963980e-01
2 3 2 3 2 3 0.000000000000000e+00
2 3 2 3 3 1 0.000000000000000e+00
2 3 2 3 3 2 0.000000000000000e+00
2 3 2 3 3 3 2.284964108762837e-01
2 3 3 1 1 1 0.000000000000000e+00
2 3 3 1 1 2 3.642955292048546e-01
2 3 3 1 1 3 0.000000000000000e+00
2 3 3 1 2 1 2.990476559060521e-01
2 3 3 1 2 2 0.000000000000000e+00
2 3 3 1 2 3 0.000000000000000e+00
2 3 3 1 3 1 0.000000000000000e+00
2 3 3 1 3 2 0.000000000000000e+00
2 3 3 1 3 3 0.000000000000000e+00
2 3 3 2 1 1 2.990476559060521e-01
2 3 3 2 1 2 0.000000000000000e+00
2 3 3 2 1 3 0.000000000000000e+00
2 3 3 2 2 1 0.000000000000000e+00
2 3 3 2 2 2 2.284964108762837e-01
2 3 3 2 2 3 0.000000000000000e+00
2 3 3 2 3 1 0.000000000000000e+00
2 3 3 2 3 2 0.000000000000000e+00
2 3 3 2 3 3 5.091208658963980e-01
2 3 3 3 1 1 0.000000000000000e+00
2 3 3 3 1 2 0.000000000000000e+00
2 3 3 3 1 3 0.000000000000000e+00
2 3 3 3 2 1 0.000000000000000e+00
2 3 3 3 2 2 0.000000000000000e+00
2 3 3 3 2 3 5.091208658963980e-01
2 3 3 3 3 1 0.000000000000000e+00
2 3 3 3 3 2 3.922441472487639e-02
2 3 3 3 3 3 0.000000000000000e+00
3 1 1 1 1 1 0.000000000000000e+00
3 1 1 1 1 2 0.000000000000000e+00
3 1 1 1 1 3 3.922441472487639e-02
3 1 1 1 2 1 0.000000000000000e+00
3 1 1 1 2 2 0.000000000000000e+00
3 1 1 1 2 3 0.000000000000000e+00
3 1 1 1 3 1 5.091208658963980e-01
3 1 1 1 3 2 0.000000000000000e+00
3 1 1 1 3 3 0.000000000000000e+00
3 1 1 2 1 1 0.000000000000000e+00
3 1 1 2 1 2 0.000000000000000e+00
3 1 1 2 1 3 0.000000000000000e+00
3 1 1 2 2 1 0.000000000000000e+00
3 1 1 2 2 2 0.000000000000000e+00
3 1 1 2 2 3 3.642955292048546e-01
3 1 1 2 3 1 0.000000000000000e+00
3 1 1 2 3 2 2.990476559060521e-01
3 1 1 2 3 3 0.000000000000000e+00
3 1 1 3 1 1 5.091208658963980e-01
3 1 1 3 1 2 0.000000000000000e+00
3 1 1 3 1 3 0.000000000000000e+00
3 1 1 3 2 1 0.000000000000000e+00
3 1 1 3 2 2 2.990476559060521e-01
3 1 1 3 2 3 0.000000000000000e+00
3 1 1 3 3 1 0.000000000000000e+00
3 1 1 3 3 2 0.000000000000000e+00
3 1 1 3 3 3 2.284964108762837e-01
3 1 2 1 1 1 0.000000000000000e+00
3 1 2 1 1 2 0.000000000000000e+00
3 1 2 1 1 3 0.000000000000000e+00
3 1 2 1 2 1 0.000000000000000e+00
3 1 2 1 2 2 0.000000000000000e+00
3 1 2 1 2 3 3.830008826287502e-01
3 1 2 1 3 1 0.000000000000000e+00
3 1 2 1 3 2 4.159923537053418e-01
3 1 2 1 3 3 0.000000000000000e+00
3 1 2 2 1 1 0.000000000000000e+00
3 1 2 2 1 2 0.000000000000000e+00
3 1 2 2 1 3 3.830008826287502e-01
3 1 2 2 2 1 0.000000000000000e+00
3 1 2 2 2 2 0.000000000000000e+00
3 1 2 2 2 3 0.000000000000000e+00
3 1 2 2 3 1 3.830008826287502e-01
3 1 2 2 3 2 0.000000000000000e+00
3 1 2 2 3 3 0.000000000000000e+00
3 1 2 3 1 1 0.000000000000000e+00
3 1 2 3 1 2 4.159923537053418e-01
3 1 2 3 1 3 0.000000000000000e+00
3 1 2 3 2 1 3.830008826287502e-01
3 1 2 3 2 2 0.000000000000000e+00
3 1 2 3 2 3 0.000000000000000e+00
3 1 2 3 3 1 0.000000000000000e+00
3 1 2 3 3 2 0.000000000000000e+00
3 1 2 3 3 3 0.000000000000000e+00
3 1 3 1 1 1 2.284964108762837e-01
3 1 3 1 1 2 0.000000000000000e+00
3 1 3 1 1 3 0.000000000000000e+00
3 1 3 1 2 1 0.000000000000000e+00
3 1 3 1 2 2 2.990476559060521e-01
3 1 3 1 2 3 0.000000000000000e+00
3 1 3 1 3 1 0.000000000000000e+00
3 1 3 1 3 2 0.000000000000000e+00
3 1 3 1 3 3 5.091208658963980e-01
3 1 3 2 1 1 0.000000000000000e+00
3 1 3 2 1 2 2.990476559060521e-01
3 1 3 2 1 3 0.000000000000000e+00
3 1 3 2 2 1 3.642955292048546e-01
3 1 3 2 2 2 0.000000000000000e+00
3 1 3 2 2 3 0.000000000000000e+00
3 1 3 2 3 1 0.000000000000000e+00
3 1 3 2 3 2 0.000000000000000e+00
3 1 3 2 3 3 0.000000000000000e+00
3 1 3 3 1 1 0.000000000000000e+00
3 1 3 3 1 2 0.000000000000000e+00
3 1 3 3 1 3 5.091208658963980e-01
3 1 3 3 2 1 0.000000000000000e+00
3 1 3 3 2 2 0.000000000000000e+00
3 1 3 3 2 3 0.000000000000000e+00
3 1 3 3 3 1 3.922441472487639e-02
3 1 3 3 3 2 0.000000000000000e+00
3 1 3 3 3 3 0.000000000000000e+00
3 2 1 1 1 1 0.000000000000000e+00
3 2 1 1 1 2 0.000000000000000e+00
3 2 1 1 1 3 0.000000000000000e+00
3 2 1 1 2 1 0.000000000000000e+00
3 2 1 1 2 2 0.000000000000000e+00
3 2 1 1 2 3 3.830008826287502e-01
3 2 1 1 3 1 0.000000000000000e+00
3 2 1 1 3 2 3.830008826287502e-01
3 2 1 1 3 3 0.000000000000000e+00
3 2 1 2 1 1 0.000000000000000e+00
3 2 1 2 1 2 0.000000000000000e+00
3 2 1 2 1 3 3.830008826287502e-01
3 2 1 2 2 1 0.000000000000000e+00
3 2 1 2 2 2 0.000000000000000e+00
3 2 1 2 2 3 0.000000000000000e+00
3 2 1 2 3 1 4.159923537053418e-01
3 2 1 2 3 2 0.000000000000000e+00
3 2 1 2 3 3 0.000000000000000e+00
3 2 1 3 1 1 0.000000000000000e+00
3 2 1 3 1 2 3.830008826287502e-01
3 2 1 3 1 3 0.000000000000000e+00
3 2 1 3 2 1 4.159923537053418e-01
3 2 1 3 2 2 0.000000000000000e+00
3 2 1 3 2 3 0.000000000000000e+00
3 2 1 3 3 1 0.000000000000000e+00
3 2 1 3 3 2 0.000000000000000e+00
3 2 1 3 3 3 0.000000000000000e+00
3 2 2 1 1 1 0.000000000000000e+00
3 2 2 1 1 2 0.000000000000000e+00
3 2 2 1 1 3 3.642955292048546e-01
3 2 2 1 2 1 0.000000000000000e+00
3 2 2 1 2 2 0.000000000000000e+00
3 2 2 1 2 3 0.000000000000000e+00
3 2 2 1 3 1 2.990476559060521e-01
3 2 2 1 3 2 0.000000000000000e+00
3 2 2 1 3 3 0.000000000000000e+00
3 2 2 2 1 1 0.000000000000000e+00
3 2 2 2 1 2 0.000000000000000e+00
3 2 2 2 1 3 0.000000000000000e+00
3 2 2 2 2 1 0.000000000000000e+00
3 2 2 2 2 2 0.000000000000000e+00
3 2 2 2 2 3 3.922441472487639e-02
3 2 2 2 3 1 0.000000000000000e+00
3 2 2 2 3 2 5.091208658963980e-01
3 2 2 2 3 3 0.000000000000000e+00
3 2 2 3 1 1 2.990476559060521e-01
3 2 2 3 1 2 0.000000000000000e+00
3 2 2 3 1 3 0.000000000000000e+00
3 2 2 3 2 1 0.000000000000000e+00
3 2 2 3 2 2 5.091208658963980e-01
3 2 2 3 2 3 0.000000000000000e+00
3 2 2 3 3 1 0.000000000000000e+00
3 2 2 3 3 2 0.000000000000000e+00
3 2 2 3 3 3 2.284964108762837e-01
3 2 3 1 1 1 0.000000000000000e+00
3 2 3 1 1 2 3.642955292048546e-01
3 2 3 1 1 3 0.000000000000000e+00
3 2 3 1 2 1 2.990476559060521e-01
3 2 3 1 2 2 0.000000000000000e+00
3 2 3 1 2 3 0.000000000000000e+00
3 2 3 1 3 1 0.000000000000000e+00
3 2 3 1 3 2 0.000000000000000e+00
3 2 3 1 3 3 0.000000000000000e+00
3 2 3 2 1 1 2.990476559060521e-01
3 2 3 2 1 2 0.000000000000000e+00
3 2 3 2 1 3 0.000000000000000e+00
3 2 3 2 2 1 0.000000000000000e+00
3 2 3 2 2 2 2.284964108762837e-01
3 2 3 2 2 3 0.000000000000000e+00
3 2 3 2 3 1 0.000000000000000e+00
3 2 3 2 3 2 0.000000000000000e+00
3 2 3 2 3 3 5.091208658963980e-01
3 2 3 3 1 1 0.000000000000000e+00
3 2 3 3 1 2 0.000000000000000e+00
3 2 3 3 1 3 0.000000000000000e+00
3 2 3 3 2 1 0.000000000000000e+00
3 2 3 3 2 2 0.000000000000000e+00
3 2 3 3 2 3 5.091208658963980e-01
3 2 3 3 3 1 0.000000000000000e+00
3 2 3 3 3 2 3.922441472487639e-02
3 2 3 3 3 3 0.000000000000000e+00
3 3 1 1 1 1 3.234635798653715e-01
3 3 1 1 1 2 0.000000000000000e+00
3 3 1 1 1 3 0.000000000000000e+00
3 3 1 1 2 1 0.000000000000000e+00
3 3 1 1 2 2 3.642955292048546e-01
3 3 1 1 2 3 0.000000000000000e+00
3 3 1 1 3 1 0.000000000000000e+00
3 3 1 1 3 2 0.000000000000000e+00
3 3 1 1 3 3 3.922441472487639e-02
3 3 1 2 1 1 0.000000000000000e+00
3 3 1 2 1 2 3.642955292048546e-01
3 3 1 2 1 3 0.000000000000000e+00
3 3 1 2 2 1 9.196097286348208e-01
3 3 1 2 2 2 0.000000000000000e+00
3 3 1 2 2 3 0.000000000000000e+00
3 3 1 2 3 1 0.000000000000000e+00
3 3 1 2 3 2 0.000000000000000e+00
3 3 1 2 3 3 0.000000000000000e+00
3 3 1 3 1 1 0.000000000000000e+00
3 3 1 3 1 2 0.000000000000000e+00
3 3 1 3 1 3 3.922441472487639e-02
3 3 1 3 2 1 0.000000000000000e+00
3 3 1 3 2 2 0.000000000000000e+00
3 3 1 3 2 3 0.000000000000000e+00
3 3 1 3 3 1 6.668311487669362e-01
3 3 1 3 3 2 0.000000000000000e+00
3 3 1 3 3 3 0.000000000000000e+00
3 3 2 1 1 1 0.000000000000000e+00
3 3 2 1 1 2 9.196097286348208e-01
3 3 2 1 1 3 0.000000000000000e+00
3 3 2 1 2 1 3.642955292048546e-01
3 3 2 1 2 2 0.000000000000000e+00
3 3 2 1 2 3 0.000000000000000e+00
3 3 2 1 3 1 0.000000000000000e+00
3 3 2 1 3 2 0.000000000000000e+00
3 3 2 1 3 3 0.000000000000000e+00
3 3 2 2 1 1 3.642955292048546e-01
3 3 2 2 1 2 0.000000000000000e+00
3 3 2 2 1 3 0.000000000000000e+00
3 3 2 2 2 1 0.000000000000000e+00
3 3 2 2 2 2 3.234635798653715e-01
3 3 2 2 2 3 0.000000000000000e+00
3 3 2 2 3 1 0.000000000000000e+00
3 3 2 2 3 2 0.000000000000000e+00
3 3 2 2 3 3 3.922441472487639e-02
3 3 2 3 1 1 0.000000000000000e+00
3 3 2 3 1 2 0.000000000000000e+00
3 3 2 3 1 3 0.000000000000000e+00
3 3 2 3 2 1 0.000000000000000e+00
3 3 2 3 2 2 0.000000000000000e+00
3 3 2 3 2 3 3.922441472487639e-02
3 3 2 3 3 1 0.000000000000000e+00
3 3 2 3 3 2 6.668311487669362e-01
3 3 2 3 3 3 0.000000000000000e+00
3 3 3 1 1 1 0.000000000000000e+00
3 3 3 1 1 2 0.000000000000000e+00
3 3 3 1 1 3 3.234635798653715e-01
3 3 3 1 2 1 0.000000000000000e+00
3 3 3 1 2 2 0.000000000000000e+00
3 3 3 1 2 3 0.000000000000000e+00
3 3 3 1 3 1 2.284964108762837e-01
3 3 3 1 3 2 0.000000000000000e+00
3 3 3 1 3 3 0.000000000000000e+00
3 3 3 2 1 1 0.000000000000000e+00
3 3 3 2 1 2 0.000000000000000e+00
3 3 3 2 1 3 0.000000000000000e+00
3 3 3 2 2 1 0.000000000000000e+00
3 3 3 2 2 2 0.000000000000000e+00
3 3 3 2 2 3 3.234635798653715e-01
3 3 3 2 3 1 0.000000000000000e+00
3 3 3 2 3 2 2.284964108762837e-01
3 3 3 2 3 3 0.000000000000000e+00
3 3 3 3 1 1 2.284964108762837e-01
3 3 3 3 1 2 0.000000000000000e+00
3 3 3 3 1 3 0.000000000000000e+00
3 3 3 3 2 1 0.000000000000000e+00
3 3 3 3 2 2 2.284964108762837e-01
3 3 3 3 2 3 0.000000000000000e+00
3 3 3 3 3 1 0.000000000000000e+00
3 3 3 3 3 2 0.000000000000000e+00
3 3 3 3 3 3 1.074228500649784e+00
