--------------------------------------------------------------------------------
This is Test                : ElasticConstantsFirstStrainGradientNumericalCubic_bcc_Fe__TE_672395553046_000
Results for KIM Model       : MEAM_2NN_Fe_to_Ga__MO_145522277939_001
Crystal strucutre           : bcc
Species                     : Fe
           1 Fe
           1 Fe
 Relaxing the crystal to its equilibrium lattice constant
 --------------------------------------------------------
     Lattice spacing                energy
             5.40000              -0.00000
             4.50000              -0.00000
             4.50000              -0.00000
             2.70000              -4.05530
             1.80000              36.91014
             1.80000              36.91014
             3.15000              -3.90004
             2.25000               2.23602
             2.92500              -4.26593
             3.15000              -3.90004
             2.81250              -4.27045
             2.70000              -4.05530
             2.86875              -4.28982
             2.92500              -4.26593
             2.84062              -4.28619
             2.89687              -4.28267
             2.85469              -4.28943
             2.88281              -4.28751
             2.86172              -4.28997
             2.85469              -4.28943
             2.86523              -4.28998
             2.86875              -4.28982
             2.86348              -4.29000
             2.86172              -4.28997
             2.86436              -4.29000
             2.86260              -4.28999
             2.86392              -4.29000
             2.86304              -4.29000
             2.86370              -4.29000
             2.86392              -4.29000
             2.86359              -4.29000
             2.86381              -4.29000
             2.86364              -4.29000
             2.86359              -4.29000
             2.86367              -4.29000
             2.86370              -4.29000
             2.86366              -4.29000
             2.86364              -4.29000
             2.86366              -4.29000
             2.86365              -4.29000
             2.86366              -4.29000
             2.86366              -4.29000
             2.86366              -4.29000
             2.86366              -4.29000
             2.86366              -4.29000
             2.86366              -4.29000
             2.86366              -4.29000
             2.86366              -4.29000
             2.86366              -4.29000
             2.86366              -4.29000
             2.86366              -4.29000
             2.86366              -4.29000
             2.86366              -4.29000
Equilibrium lattice spacing :    2.8636568606
           1 Fe
